2020-12-16 14:19:47,197 - INFO - Duplicate Domain, not creating
2020-12-16 14:19:47,393 - INFO - Duplicate Project, not creating
2020-12-16 14:19:47,896 - INFO - Duplicate User, not creating
2020-12-16 14:19:48,149 - INFO - User 'userD' assigned 'Member' role
2020-12-16 14:19:48,215 - INFO - Duplicate Domain, not creating
2020-12-16 14:19:48,339 - INFO - Duplicate Project, not creating
2020-12-16 14:19:48,839 - INFO - Duplicate User, not creating
2020-12-16 14:19:49,081 - INFO - User 'userA' assigned 'Member' role
2020-12-16 14:19:49,147 - INFO - Duplicate Domain, not creating
2020-12-16 14:19:49,275 - INFO - Duplicate Project, not creating
2020-12-16 14:19:49,773 - INFO - Duplicate User, not creating
2020-12-16 14:19:50,026 - INFO - User 'userB' assigned 'Member' role
2020-12-16 14:19:50,109 - INFO - Duplicate Domain, not creating
2020-12-16 14:19:50,243 - INFO - Duplicate Project, not creating
2020-12-16 14:19:51,462 - INFO - Duplicate User, not creating
2020-12-16 14:19:51,705 - INFO - User 'userC' assigned 'Member' role
2020-12-16 14:19:53,710 - INFO - Applying policy file: /nuthanc-tf-test/tcutils/kubernetes/auth/templates/all_in_one_policy.yaml
2020-12-16 14:19:58,710 - INFO - Waiting for policy to update in ConfigMap
2020-12-16 14:20:03,715 - INFO - Policy updated in ConfigMap
2020-12-16 14:20:04,169 - INFO - ================================================================================
2020-12-16 14:20:04,170 - INFO - STARTING TEST: test_only_pods_and_deployments_create
2020-12-16 14:20:04,171 - INFO - TEST DESCRIPTION : 
        For userA user, only create pods and deployments and nothing else
        
