2020-11-11 19:12:58,457 - INFO - Applying policy file: /root/nuthanc-tf-test/tcutils/kubernetes/auth/templates/auth_policy.yaml
2020-11-11 19:13:03,727 - INFO - Waiting for policy to update in ConfigMap
2020-11-11 19:13:25,962 - INFO - Policy updated in ConfigMap
2020-11-11 19:13:55,685 - INFO - Applying policy file: /root/nuthanc-tf-test/tcutils/kubernetes/auth/templates/auth_policy.yaml
2020-11-11 19:13:57,979 - INFO - Waiting for policy to update in ConfigMap
2020-11-11 19:14:25,825 - INFO - Policy updated in ConfigMap
2020-11-11 19:18:12,903 - INFO - Applying policy file: /root/nuthanc-tf-test/tcutils/kubernetes/auth/templates/auth_policy.yaml
2020-11-11 19:18:15,523 - INFO - Waiting for policy to update in ConfigMap
2020-11-11 19:18:20,528 - INFO - Policy updated in ConfigMap
2020-11-11 19:19:20,988 - INFO - Applying policy file: /root/nuthanc-tf-test/tcutils/kubernetes/auth/templates/auth_policy.yaml
2020-11-11 19:19:23,283 - INFO - Waiting for policy to update in ConfigMap
2020-11-11 19:19:28,289 - INFO - Policy updated in ConfigMap
2020-11-11 19:20:16,166 - INFO - Applying policy file: /root/nuthanc-tf-test/tcutils/kubernetes/auth/templates/auth_policy.yaml
2020-11-11 19:20:18,657 - INFO - Waiting for policy to update in ConfigMap
2020-11-11 19:21:10,487 - INFO - Policy updated in ConfigMap
2020-11-11 19:25:59,476 - INFO - Applying policy file: /root/nuthanc-tf-test/tcutils/kubernetes/auth/templates/auth_policy.yaml
2020-11-11 19:26:01,752 - INFO - Waiting for policy to update in ConfigMap
2020-11-11 19:26:27,561 - INFO - Policy updated in ConfigMap
2020-11-11 19:28:34,955 - INFO - Applying policy file: /root/nuthanc-tf-test/tcutils/kubernetes/auth/templates/auth_policy.yaml
2020-11-11 19:28:37,312 - INFO - Waiting for policy to update in ConfigMap
2020-11-11 19:29:02,449 - INFO - Policy updated in ConfigMap
2020-11-11 19:41:56,542 - INFO - Applying policy file: /root/nuthanc-tf-test/tcutils/kubernetes/auth/templates/auth_policy.yaml
2020-11-11 19:41:58,802 - INFO - Waiting for policy to update in ConfigMap
2020-11-11 19:42:03,808 - INFO - Policy updated in ConfigMap
2020-11-11 19:42:59,696 - INFO - Applying policy file: /root/nuthanc-tf-test/tcutils/kubernetes/auth/templates/auth_policy.yaml
2020-11-11 19:43:02,042 - INFO - Waiting for policy to update in ConfigMap
2020-11-11 19:43:33,150 - INFO - Policy updated in ConfigMap
2020-11-11 19:58:12,178 - INFO - Applying policy file: /root/nuthanc-tf-test/tcutils/kubernetes/auth/templates/auth_policy.yaml
2020-11-11 19:58:16,474 - INFO - Waiting for policy to update in ConfigMap
2020-11-11 19:58:39,521 - INFO - Policy updated in ConfigMap
2020-11-11 19:59:08,210 - INFO - Applying policy file: /root/nuthanc-tf-test/tcutils/kubernetes/auth/templates/auth_policy.yaml
2020-11-11 19:59:08,848 - INFO - Waiting for policy to update in ConfigMap
2020-11-11 20:00:08,205 - INFO - Policy updated in ConfigMap
2020-11-11 20:00:51,950 - INFO - Applying policy file: /root/nuthanc-tf-test/tcutils/kubernetes/auth/templates/auth_policy.yaml
2020-11-11 20:00:52,607 - INFO - Waiting for policy to update in ConfigMap
2020-11-11 20:01:23,610 - INFO - Policy updated in ConfigMap
2020-11-11 20:02:19,454 - INFO - Applying policy file: /root/nuthanc-tf-test/tcutils/kubernetes/auth/templates/auth_policy.yaml
2020-11-11 20:02:19,983 - INFO - Waiting for policy to update in ConfigMap
2020-11-11 20:02:24,989 - INFO - Policy updated in ConfigMap
2020-11-11 20:12:46,312 - INFO - Applying policy file: /root/nuthanc-tf-test/tcutils/kubernetes/auth/templates/auth_policy.yaml
2020-11-11 20:15:06,359 - INFO - Waiting for policy to update in ConfigMap
2020-11-11 20:15:18,095 - INFO - Policy updated in ConfigMap
2020-11-11 20:29:29,701 - INFO - Applying policy file: /root/nuthanc-tf-test/tcutils/kubernetes/auth/templates/auth_policy.yaml
2020-11-11 20:30:07,314 - INFO - Waiting for policy to update in ConfigMap
2020-11-11 20:30:53,125 - INFO - Policy updated in ConfigMap
2020-11-11 20:36:10,343 - INFO - Applying policy file: /root/nuthanc-tf-test/tcutils/kubernetes/auth/templates/auth_policy.yaml
2020-11-11 20:36:35,452 - INFO - Waiting for policy to update in ConfigMap
2020-11-11 20:36:51,413 - INFO - Policy updated in ConfigMap
2020-11-11 20:40:32,394 - INFO - Applying policy file: /root/nuthanc-tf-test/tcutils/kubernetes/auth/templates/auth_policy.yaml
2020-11-11 20:40:32,873 - INFO - b'Switched to context "juju-context".\n'
2020-11-11 20:40:33,054 - INFO - Waiting for policy to update in ConfigMap
2020-11-11 20:40:59,684 - INFO - Policy updated in ConfigMap
2020-11-11 20:41:32,082 - INFO - Applying policy file: /root/nuthanc-tf-test/tcutils/kubernetes/auth/templates/auth_policy.yaml
2020-11-11 20:41:32,622 - INFO - Switched to context "juju-context".

2020-11-11 20:41:32,783 - INFO - Waiting for policy to update in ConfigMap
2020-11-11 20:41:59,488 - INFO - Policy updated in ConfigMap
2020-11-20 05:40:42,225 - INFO - Applying policy file: /root/nuthanc-tf-test/tcutils/kubernetes/auth/templates/auth_policy.yaml
2020-11-20 05:40:42,729 - INFO - Switched to context "juju-context".

2020-11-20 05:40:42,903 - INFO - Waiting for policy to update in ConfigMap
2020-11-20 05:41:14,037 - INFO - Policy updated in ConfigMap
2020-11-20 05:43:42,812 - INFO - Applying policy file: /root/nuthanc-tf-test/tcutils/kubernetes/auth/templates/auth_policy.yaml
2020-11-20 05:43:43,292 - INFO - Switched to context "juju-context".

2020-11-20 05:43:43,455 - INFO - Waiting for policy to update in ConfigMap
2020-11-20 05:44:12,458 - INFO - Policy updated in ConfigMap
2020-11-20 05:49:10,920 - INFO - Applying policy file: /root/nuthanc-tf-test/tcutils/kubernetes/auth/templates/auth_policy.yaml
2020-11-20 05:49:11,424 - INFO - Switched to context "juju-context".

2020-11-20 05:49:11,584 - INFO - Waiting for policy to update in ConfigMap
2020-11-20 05:49:51,163 - INFO - Policy updated in ConfigMap
2020-11-20 05:50:44,427 - INFO - Applying policy file: /root/nuthanc-tf-test/tcutils/kubernetes/auth/templates/auth_policy.yaml
2020-11-20 05:50:45,005 - INFO - Switched to context "juju-context".

2020-11-20 05:50:45,161 - INFO - Waiting for policy to update in ConfigMap
2020-11-20 05:51:13,948 - INFO - Policy updated in ConfigMap
2020-11-20 05:53:28,901 - INFO - Applying policy file: /root/nuthanc-tf-test/tcutils/kubernetes/auth/templates/auth_policy.yaml
2020-11-20 05:53:29,301 - INFO - Switched to context "juju-context".

2020-11-20 05:53:29,465 - INFO - Waiting for policy to update in ConfigMap
2020-11-20 05:53:34,471 - INFO - Policy updated in ConfigMap
2020-11-20 05:56:53,645 - INFO - Applying policy file: /root/nuthanc-tf-test/tcutils/kubernetes/auth/templates/auth_policy.yaml
2020-11-20 05:56:54,009 - INFO - Switched to context "juju-context".

2020-11-20 05:56:54,212 - INFO - Waiting for policy to update in ConfigMap
2020-11-20 05:56:59,218 - INFO - Policy updated in ConfigMap
2020-11-20 05:57:39,779 - INFO - Applying policy file: /root/nuthanc-tf-test/tcutils/kubernetes/auth/templates/auth_policy.yaml
2020-11-20 05:57:40,265 - INFO - Switched to context "juju-context".

2020-11-20 05:57:40,431 - INFO - Waiting for policy to update in ConfigMap
2020-11-20 05:58:07,219 - INFO - Policy updated in ConfigMap
2020-11-20 05:59:11,429 - INFO - Applying policy file: /root/nuthanc-tf-test/tcutils/kubernetes/auth/templates/auth_policy.yaml
2020-11-20 05:59:11,813 - INFO - Switched to context "juju-context".

2020-11-20 05:59:11,972 - INFO - Waiting for policy to update in ConfigMap
2020-11-20 05:59:16,977 - INFO - Policy updated in ConfigMap
2020-11-20 06:02:45,327 - INFO - Applying policy file: /root/nuthanc-tf-test/tcutils/kubernetes/auth/templates/auth_policy.yaml
2020-11-20 06:02:45,821 - INFO - Switched to context "juju-context".

2020-11-20 06:02:46,289 - INFO - Waiting for policy to update in ConfigMap
2020-11-20 06:03:12,929 - INFO - Policy updated in ConfigMap
2020-11-20 06:04:14,204 - INFO - Applying policy file: /root/nuthanc-tf-test/tcutils/kubernetes/auth/templates/auth_policy.yaml
2020-11-20 06:04:14,816 - INFO - Switched to context "juju-context".

2020-11-20 06:04:14,976 - INFO - Waiting for policy to update in ConfigMap
2020-11-20 06:04:41,668 - INFO - Policy updated in ConfigMap
2020-11-20 06:11:50,608 - INFO - Applying policy file: /root/nuthanc-tf-test/tcutils/kubernetes/auth/templates/auth_policy.yaml
2020-11-20 06:11:51,096 - INFO - Switched to context "juju-context".

2020-11-20 06:11:51,253 - INFO - Waiting for policy to update in ConfigMap
2020-11-20 06:12:17,913 - INFO - Policy updated in ConfigMap
2020-11-20 06:13:33,742 - INFO - Applying policy file: /root/nuthanc-tf-test/tcutils/kubernetes/auth/templates/auth_policy.yaml
2020-11-20 06:13:34,221 - INFO - Switched to context "juju-context".

2020-11-20 06:13:34,379 - INFO - Waiting for policy to update in ConfigMap
2020-11-20 06:14:10,544 - INFO - Policy updated in ConfigMap
2020-11-20 06:18:52,276 - INFO - Applying policy file: /root/nuthanc-tf-test/tcutils/kubernetes/auth/templates/auth_policy.yaml
2020-11-20 06:18:52,688 - INFO - Switched to context "juju-context".

2020-11-20 06:18:52,845 - INFO - Waiting for policy to update in ConfigMap
2020-11-20 06:18:57,851 - INFO - Policy updated in ConfigMap
2020-11-20 06:20:46,580 - INFO - Applying policy file: /root/nuthanc-tf-test/tcutils/kubernetes/auth/templates/auth_policy.yaml
2020-11-20 06:20:47,165 - INFO - Switched to context "juju-context".

2020-11-20 06:20:50,482 - INFO - Waiting for policy to update in ConfigMap
2020-11-20 06:21:14,929 - INFO - Policy updated in ConfigMap
2020-11-20 06:29:38,369 - INFO - Applying policy file: /root/nuthanc-tf-test/tcutils/kubernetes/auth/templates/auth_policy.yaml
2020-11-20 06:31:58,516 - INFO - Switched to context "juju-context".

2020-11-20 06:32:16,400 - INFO - Waiting for policy to update in ConfigMap
2020-11-20 06:32:28,169 - INFO - Policy updated in ConfigMap
2020-11-20 06:43:16,294 - INFO - Applying policy file: /root/nuthanc-tf-test/tcutils/kubernetes/auth/templates/auth_policy.yaml
2020-11-20 06:43:16,679 - INFO - Switched to context "juju-context".

2020-11-20 06:43:19,660 - INFO - Waiting for policy to update in ConfigMap
2020-11-20 06:43:24,665 - INFO - Policy updated in ConfigMap
2020-11-20 06:43:37,326 - INFO - Applying policy file: /root/nuthanc-tf-test/tcutils/kubernetes/auth/templates/auth_policy.yaml
2020-11-20 06:43:37,738 - INFO - Switched to context "juju-context".

2020-11-20 06:43:37,899 - INFO - Waiting for policy to update in ConfigMap
2020-11-20 06:43:42,905 - INFO - Policy updated in ConfigMap
2020-11-20 06:43:43,029 - INFO - Switched to context "keystone".

<<<<<<< HEAD
=======
2020-11-23 22:05:52,390 - INFO - Applying policy file: /root/nuthanc-tf-test/tcutils/kubernetes/auth/templates/auth_policy.yaml
2020-11-23 22:05:53,014 - INFO - Switched to context "juju-context".

2020-11-23 22:05:53,377 - INFO - Waiting for policy to update in ConfigMap
2020-11-23 22:06:20,002 - INFO - Policy updated in ConfigMap
2020-11-23 22:06:20,132 - INFO - Switched to context "keystone".

2020-11-23 22:07:00,102 - INFO - Applying policy file: /root/nuthanc-tf-test/tcutils/kubernetes/auth/templates/auth_policy.yaml
2020-11-23 22:07:00,494 - INFO - Switched to context "juju-context".

2020-11-23 22:07:00,655 - INFO - Waiting for policy to update in ConfigMap
2020-11-23 22:07:05,661 - INFO - Policy updated in ConfigMap
2020-11-23 22:07:05,789 - INFO - Switched to context "keystone".

2020-11-23 22:09:17,698 - INFO - Applying policy file: /root/nuthanc-tf-test/tcutils/kubernetes/auth/templates/auth_policy.yaml
2020-11-23 22:09:18,204 - INFO - Switched to context "juju-context".

2020-11-23 22:09:18,363 - INFO - Waiting for policy to update in ConfigMap
2020-11-23 22:09:45,082 - INFO - Policy updated in ConfigMap
2020-11-23 22:09:45,213 - INFO - Switched to context "keystone".

2020-11-23 22:13:58,247 - INFO - Applying policy file: /root/nuthanc-tf-test/tcutils/kubernetes/auth/templates/auth_policy.yaml
2020-11-23 22:13:58,635 - INFO - Switched to context "juju-context".

2020-11-23 22:13:58,791 - INFO - Waiting for policy to update in ConfigMap
2020-11-23 22:14:03,796 - INFO - Policy updated in ConfigMap
2020-11-23 22:14:03,932 - INFO - Switched to context "keystone".

2020-11-23 22:14:52,968 - INFO - Applying policy file: /root/nuthanc-tf-test/tcutils/kubernetes/auth/templates/auth_policy.yaml
2020-11-23 22:14:53,454 - INFO - Switched to context "juju-context".

2020-11-23 22:14:53,610 - INFO - Waiting for policy to update in ConfigMap
2020-11-23 22:15:22,866 - INFO - Policy updated in ConfigMap
2020-11-23 22:15:22,997 - INFO - Switched to context "keystone".

2020-11-23 22:16:38,711 - INFO - Applying policy file: /root/nuthanc-tf-test/tcutils/kubernetes/auth/templates/auth_policy.yaml
2020-11-23 22:16:39,214 - INFO - Switched to context "juju-context".

2020-11-23 22:16:39,378 - INFO - Waiting for policy to update in ConfigMap
2020-11-23 22:17:06,081 - INFO - Policy updated in ConfigMap
2020-11-23 22:17:06,222 - INFO - Switched to context "keystone".

2020-11-23 23:29:28,277 - INFO - Applying policy file: /root/nuthanc-tf-test/tcutils/kubernetes/auth/templates/auth_policy.yaml
2020-11-23 23:29:28,681 - INFO - Switched to context "juju-context".

2020-11-23 23:29:31,836 - INFO - Waiting for policy to update in ConfigMap
2020-11-23 23:29:36,841 - INFO - Policy updated in ConfigMap
2020-11-23 23:29:36,974 - INFO - Switched to context "keystone".

2020-11-24 05:18:41,988 - INFO - Applying policy file: /root/nuthanc-tf-test/tcutils/kubernetes/auth/templates/auth_policy.yaml
2020-11-24 05:18:42,646 - INFO - Switched to context "juju-context".

2020-11-24 05:18:46,419 - INFO - Waiting for policy to update in ConfigMap
2020-11-24 05:19:11,030 - INFO - Policy updated in ConfigMap
2020-11-24 05:19:11,165 - INFO - Switched to context "keystone".

2020-11-24 05:20:06,068 - INFO - Applying policy file: /root/nuthanc-tf-test/tcutils/kubernetes/auth/templates/auth_policy.yaml
2020-11-24 05:20:06,456 - INFO - Switched to context "juju-context".

2020-11-24 05:20:06,614 - INFO - Waiting for policy to update in ConfigMap
2020-11-24 05:20:18,294 - INFO - Applying policy file: /root/nuthanc-tf-test/tcutils/kubernetes/auth/templates/auth_policy.yaml
2020-11-24 05:20:18,853 - INFO - Switched to context "juju-context".

2020-11-24 05:20:19,016 - INFO - Waiting for policy to update in ConfigMap
2020-11-24 05:20:45,673 - INFO - Policy updated in ConfigMap
2020-11-24 05:20:45,810 - INFO - Switched to context "keystone".

2020-11-24 05:25:31,636 - INFO - Applying policy file: /root/nuthanc-tf-test/tcutils/kubernetes/auth/templates/auth_policy.yaml
2020-11-24 05:25:32,014 - INFO - Switched to context "juju-context".

2020-11-24 05:25:32,172 - INFO - Waiting for policy to update in ConfigMap
2020-11-24 05:25:37,177 - INFO - Policy updated in ConfigMap
2020-11-24 05:25:37,306 - INFO - Switched to context "keystone".

2020-11-24 05:26:57,189 - INFO - Applying policy file: /root/nuthanc-tf-test/tcutils/kubernetes/auth/templates/auth_policy.yaml
2020-11-24 05:26:57,816 - INFO - Switched to context "juju-context".

2020-11-24 05:26:57,980 - INFO - Waiting for policy to update in ConfigMap
2020-11-24 05:27:24,618 - INFO - Policy updated in ConfigMap
2020-11-24 05:27:24,760 - INFO - Switched to context "keystone".

2020-11-24 05:28:06,526 - INFO - Applying policy file: /root/nuthanc-tf-test/tcutils/kubernetes/auth/templates/auth_policy.yaml
2020-11-24 05:28:07,156 - INFO - Switched to context "juju-context".

2020-11-24 05:28:07,308 - INFO - Waiting for policy to update in ConfigMap
2020-11-24 05:28:34,080 - INFO - Policy updated in ConfigMap
2020-11-24 05:28:34,216 - INFO - Switched to context "keystone".

2020-11-24 05:30:20,025 - INFO - Applying policy file: /root/nuthanc-tf-test/tcutils/kubernetes/auth/templates/auth_policy.yaml
2020-11-24 05:30:20,439 - INFO - Switched to context "juju-context".

2020-11-24 05:30:20,594 - INFO - Waiting for policy to update in ConfigMap
2020-11-24 05:30:25,599 - INFO - Policy updated in ConfigMap
2020-11-24 05:30:25,735 - INFO - Switched to context "keystone".

2020-11-24 05:36:34,079 - INFO - Applying policy file: /root/nuthanc-tf-test/tcutils/kubernetes/auth/templates/auth_policy.yaml
2020-11-24 05:36:34,446 - INFO - Switched to context "juju-context".

2020-11-24 05:36:34,599 - INFO - Waiting for policy to update in ConfigMap
2020-11-24 05:36:39,605 - INFO - Policy updated in ConfigMap
2020-11-24 05:36:39,743 - INFO - Switched to context "keystone".

2020-11-24 05:38:12,570 - INFO - Applying policy file: /root/nuthanc-tf-test/tcutils/kubernetes/auth/templates/auth_policy.yaml
2020-11-24 05:38:12,960 - INFO - Switched to context "juju-context".

2020-11-24 05:38:13,114 - INFO - Waiting for policy to update in ConfigMap
2020-11-24 05:38:18,119 - INFO - Policy updated in ConfigMap
2020-11-24 05:38:18,255 - INFO - Switched to context "keystone".

2020-11-24 05:39:05,506 - INFO - Applying policy file: /root/nuthanc-tf-test/tcutils/kubernetes/auth/templates/auth_policy.yaml
2020-11-24 05:39:06,069 - INFO - Switched to context "juju-context".

2020-11-24 05:39:09,353 - INFO - Waiting for policy to update in ConfigMap
2020-11-24 05:39:31,716 - INFO - Policy updated in ConfigMap
2020-11-24 05:39:31,854 - INFO - Switched to context "keystone".

2020-11-24 05:46:57,406 - INFO - Applying policy file: /root/nuthanc-tf-test/tcutils/kubernetes/auth/templates/auth_policy.yaml
2020-11-24 05:46:57,972 - INFO - Switched to context "juju-context".

2020-11-24 05:46:58,122 - INFO - Waiting for policy to update in ConfigMap
2020-11-24 05:47:44,303 - INFO - Policy updated in ConfigMap
2020-11-24 05:47:44,437 - INFO - Switched to context "keystone".

2020-11-24 06:35:01,988 - INFO - Applying policy file: /root/nuthanc-tf-test/tcutils/kubernetes/auth/templates/auth_policy.yaml
2020-11-24 06:35:02,377 - INFO - Switched to context "juju-context".

2020-11-24 06:35:05,267 - INFO - Waiting for policy to update in ConfigMap
2020-11-24 06:35:10,273 - INFO - Policy updated in ConfigMap
2020-11-24 06:35:10,405 - INFO - Switched to context "keystone".

2020-11-24 06:49:23,331 - INFO - Applying policy file: /root/nuthanc-tf-test/tcutils/kubernetes/auth/templates/auth_policy.yaml
2020-11-24 06:49:23,834 - INFO - Switched to context "juju-context".

2020-11-24 06:49:27,162 - INFO - Waiting for policy to update in ConfigMap
2020-11-24 06:54:46,748 - INFO - Policy updated in ConfigMap
2020-11-24 06:54:46,888 - INFO - Switched to context "keystone".

2020-11-24 06:55:47,953 - INFO - Applying policy file: /root/nuthanc-tf-test/tcutils/kubernetes/auth/templates/auth_policy.yaml
2020-11-24 06:55:48,504 - INFO - Switched to context "juju-context".

2020-11-24 06:55:48,661 - INFO - Waiting for policy to update in ConfigMap
2020-11-24 07:01:10,316 - INFO - Policy updated in ConfigMap
2020-11-24 07:01:10,458 - INFO - Switched to context "keystone".

2020-11-25 23:26:57,157 - INFO - Applying policy file: /root/nuthanc-tf-test/tcutils/kubernetes/auth/templates/auth_policy.yaml
2020-11-25 23:26:57,539 - INFO - Switched to context "juju-context".

2020-11-25 23:27:00,693 - INFO - Waiting for policy to update in ConfigMap
2020-11-25 23:32:00,793 - INFO - Policy updated in ConfigMap
2020-11-25 23:32:00,930 - INFO - Switched to context "keystone".

>>>>>>> 8915b98... Working manual_test and all_in_one_policy
